=========================
Summary of SPARK analysis
=========================

---------------------------------------------------------------------------------
SPARK Analysis results        Total       Flow     Provers   Justified   Unproved
---------------------------------------------------------------------------------
Data Dependencies                 .          .           .           .          .
Flow Dependencies                 .          .           .           .          .
Initialization                    .          .           .           .          .
Non-Aliasing                      .          .           .           .          .
Run-time Checks                   .          .           .           .          .
Assertions                        .          .           .           .          .
Functional Contracts              1          .    1 (CVC5)           .          .
LSP Verification                  .          .           .           .          .
Termination                       1          1           .           .          .
Concurrency                       .          .           .           .          .
---------------------------------------------------------------------------------
Total                             2    1 (50%)     1 (50%)           .          .


max steps used for successful proof: 692

============================
Most difficult proved checks
============================

No check found with max time greater than 1 second

========================
Detailed analysis report
========================

Analyzed 2 units
in unit hello_sekai_spark, 0 subprograms and packages out of 0 analyzed
in unit message_generator, 2 subprograms and packages out of 2 analyzed
  Message_Generator at message_generator.ads:1 flow analyzed (0 errors, 0 checks, 0 warnings and 0 pragma Assume statements) and proved (0 checks)
  Message_Generator.Get_Message at message_generator.ads:9 flow analyzed (0 errors, 0 checks, 0 warnings and 0 pragma Assume statements) and proved (1 checks)
