system_info.adb:8:10: (style) space required [-gnatyt]
system_info.adb:10:20: (style) space required [-gnatyt]
system_info.adb:11:01: (style) trailing spaces not permitted [-gnatyb]
system_info.adb:14:01: (style) trailing spaces not permitted [-gnatyb]
system_info.adb:15:10: (style) space required [-gnatyt]
system_info.adb:16:21: (style) space required [-gnatyt]
system_info.adb:17:20: (style) space required [-gnatyt]
system_info.adb:18:01: (style) trailing spaces not permitted [-gnatyb]
system_info.adb:20:43: (style) space required [-gnatyt]
system_info.adb:22:24: (style) space required [-gnatyt]
system_info.adb:23:01: (style) trailing spaces not permitted [-gnatyb]
system_info.adb:25:23: (style) space required [-gnatyt]
system_info.adb:27:10: (style) space required [-gnatyt]
system_info.adb:29:32: error: operator for private type "System.Address" is not directly visible
system_info.adb:29:32: error: use clause would make operation legal
system_info.adb:41:10: (style) space required [-gnatyt]
system_info.adb:42:15: (style) space required [-gnatyt]
system_info.adb:42:20: error: expected private type "System.Address"
system_info.adb:42:20: error: found type access to "UtsName" defined at line 42
system_info.adb:43:40: (style) space required [-gnatyt]
system_info.adb:44:49: (style) space required [-gnatyt]
system_info.adb:46:52: (style) space required [-gnatyt]
system_info.adb:50:01: (style) trailing spaces not permitted [-gnatyb]
system_info.adb:62:24: (style) space required [-gnatyt]
system_info.adb:64:23: (style) space required [-gnatyt]
system_info.adb:65:20: (style) space required [-gnatyt]
system_info.adb:69:17: (style) space required [-gnatyt]
system_info.adb:69:31: error: operator for type "Interfaces.C.int" is not directly visible
system_info.adb:69:31: error: use clause would make operation legal
system_info.adb:70:29: (style) space required [-gnatyt]
system_info.adb:78:27: (style) space required [-gnatyt]
system_info.adb:79:01: (style) trailing spaces not permitted [-gnatyb]
system_info.adb:84:24: (style) space required [-gnatyt]
system_info.adb:86:22: (style) space required [-gnatyt]
system_info.adb:93:20: (style) space required [-gnatyt]
system_info.adb:96:69: (style) space required [-gnatyt]
system_info.adb:99:16: (style) space required [-gnatyt]
system_info.adb:99:20: error: expected an access type with designated type "Interfaces.C.int"
system_info.adb:99:20: error: found an access type with designated type of MIB declared at line 78
system_info.adb:100:45: (style) misplaced "then" [-gnatyi]
system_info.adb:101:29: (style) space required [-gnatyt]
system_info.adb:101:36: error: "Clock" not declared in "System"
system_info.adb:102:35: (style) space required [-gnatyt]
system_info.adb:111:20: (style) space required [-gnatyt]
system_info.adb:112:01: (style) trailing spaces not permitted [-gnatyb]
system_info.adb:117:26: (style) space required [-gnatyt]
system_info.adb:117:34: error: there is no applicable operator "/" for type "Interfaces.C.unsigned_long_long"
system_info.ads:2:07: (style) space required [-gnatyt]
system_info.ads:4:01: (style) trailing spaces not permitted [-gnatyb]
system_info.ads:8:17: (style) space required [-gnatyt]
system_info.ads:9:01: (style) trailing spaces not permitted [-gnatyb]
system_info.ads:10:50: warning: cannot call "Detect_Platform" before body seen [enabled by default]
system_info.ads:10:50: warning: Program_Error will be raised at run time [enabled by default]
